<?xml version="1.0" encoding="UTF-8"?>
<robot generator="Robot 3.2 (Python 3.8.2 on linux)" generated="20200723 21:53:15.949" rpa="false">
<suite id="s1" name="Front Office" source="/usr/src/project/Tests/Front_Office.robot">
<test id="s1-t1" name="Should be able to access &quot;Team&quot; Page">
<kw name="Begin Web Test" library="CommonWeb" type="setup">
<kw name="Evaluate" library="BuiltIn">
<doc>Evaluates the given expression in Python and returns the result.</doc>
<arguments>
<arg>sys.modules['selenium.webdriver'].ChromeOptions()</arg>
<arg>sys, selenium.webdriver</arg>
</arguments>
<assign>
<var>${chrome_options}</var>
</assign>
<msg timestamp="20200723 21:53:16.642" level="INFO">${chrome_options} = &lt;selenium.webdriver.chrome.options.Options object at 0x7f0602ba65b0&gt;</msg>
<status status="PASS" starttime="20200723 21:53:16.641" endtime="20200723 21:53:16.642"></status>
</kw>
<kw name="Call Method" library="BuiltIn">
<doc>Calls the named method of the given object with the provided arguments.</doc>
<arguments>
<arg>${chrome_options}</arg>
<arg>add_argument</arg>
<arg>--disable-extensions</arg>
</arguments>
<status status="PASS" starttime="20200723 21:53:16.642" endtime="20200723 21:53:16.642"></status>
</kw>
<kw name="Call Method" library="BuiltIn">
<doc>Calls the named method of the given object with the provided arguments.</doc>
<arguments>
<arg>${chrome_options}</arg>
<arg>add_argument</arg>
<arg>--headless</arg>
</arguments>
<status status="PASS" starttime="20200723 21:53:16.642" endtime="20200723 21:53:16.643"></status>
</kw>
<kw name="Call Method" library="BuiltIn">
<doc>Calls the named method of the given object with the provided arguments.</doc>
<arguments>
<arg>${chrome_options}</arg>
<arg>add_argument</arg>
<arg>--disable-gpu</arg>
</arguments>
<status status="PASS" starttime="20200723 21:53:16.643" endtime="20200723 21:53:16.643"></status>
</kw>
<kw name="Call Method" library="BuiltIn">
<doc>Calls the named method of the given object with the provided arguments.</doc>
<arguments>
<arg>${chrome_options}</arg>
<arg>add_argument</arg>
<arg>--no-sandbox</arg>
</arguments>
<status status="PASS" starttime="20200723 21:53:16.643" endtime="20200723 21:53:16.643"></status>
</kw>
<kw name="Create Webdriver" library="SeleniumLibrary">
<doc>Creates an instance of Selenium WebDriver.</doc>
<arguments>
<arg>Chrome</arg>
<arg>chrome_options=${chrome_options}</arg>
</arguments>
<msg timestamp="20200723 21:53:16.644" level="INFO">Creating an instance of the Chrome WebDriver.</msg>
<kw name="Capture Page Screenshot" library="SeleniumLibrary">
<doc>Takes a screenshot of the current page and embeds it into a log file.</doc>
<msg timestamp="20200723 21:53:16.650" level="INFO">Cannot capture screenshot because no browser is open.</msg>
<status status="PASS" starttime="20200723 21:53:16.650" endtime="20200723 21:53:16.650"></status>
</kw>
<msg timestamp="20200723 21:53:16.661" level="FAIL">OSError: [Errno 8] Exec format error: 'chromedriver'</msg>
<status status="FAIL" starttime="20200723 21:53:16.643" endtime="20200723 21:53:16.662"></status>
</kw>
<status status="FAIL" starttime="20200723 21:53:16.641" endtime="20200723 21:53:16.662"></status>
</kw>
<kw name="End Web Test" library="CommonWeb" type="teardown">
<kw name="Close All Browsers" library="SeleniumLibrary">
<doc>Closes all open browsers and resets the browser cache.</doc>
<status status="PASS" starttime="20200723 21:53:16.663" endtime="20200723 21:53:16.663"></status>
</kw>
<status status="PASS" starttime="20200723 21:53:16.662" endtime="20200723 21:53:16.664"></status>
</kw>
<doc>This is test 1</doc>
<tags>
<tag>test1</tag>
</tags>
<status status="FAIL" starttime="20200723 21:53:16.639" endtime="20200723 21:53:16.664" critical="yes">Setup failed:
OSError: [Errno 8] Exec format error: 'chromedriver'</status>
</test>
<test id="s1-t2" name="&quot;Team&quot; Page should match requirements">
<kw name="Begin Web Test" library="CommonWeb" type="setup">
<kw name="Evaluate" library="BuiltIn">
<doc>Evaluates the given expression in Python and returns the result.</doc>
<arguments>
<arg>sys.modules['selenium.webdriver'].ChromeOptions()</arg>
<arg>sys, selenium.webdriver</arg>
</arguments>
<assign>
<var>${chrome_options}</var>
</assign>
<msg timestamp="20200723 21:53:16.668" level="INFO">${chrome_options} = &lt;selenium.webdriver.chrome.options.Options object at 0x7f0602b1fc70&gt;</msg>
<status status="PASS" starttime="20200723 21:53:16.667" endtime="20200723 21:53:16.668"></status>
</kw>
<kw name="Call Method" library="BuiltIn">
<doc>Calls the named method of the given object with the provided arguments.</doc>
<arguments>
<arg>${chrome_options}</arg>
<arg>add_argument</arg>
<arg>--disable-extensions</arg>
</arguments>
<status status="PASS" starttime="20200723 21:53:16.668" endtime="20200723 21:53:16.668"></status>
</kw>
<kw name="Call Method" library="BuiltIn">
<doc>Calls the named method of the given object with the provided arguments.</doc>
<arguments>
<arg>${chrome_options}</arg>
<arg>add_argument</arg>
<arg>--headless</arg>
</arguments>
<status status="PASS" starttime="20200723 21:53:16.668" endtime="20200723 21:53:16.669"></status>
</kw>
<kw name="Call Method" library="BuiltIn">
<doc>Calls the named method of the given object with the provided arguments.</doc>
<arguments>
<arg>${chrome_options}</arg>
<arg>add_argument</arg>
<arg>--disable-gpu</arg>
</arguments>
<status status="PASS" starttime="20200723 21:53:16.669" endtime="20200723 21:53:16.669"></status>
</kw>
<kw name="Call Method" library="BuiltIn">
<doc>Calls the named method of the given object with the provided arguments.</doc>
<arguments>
<arg>${chrome_options}</arg>
<arg>add_argument</arg>
<arg>--no-sandbox</arg>
</arguments>
<status status="PASS" starttime="20200723 21:53:16.669" endtime="20200723 21:53:16.670"></status>
</kw>
<kw name="Create Webdriver" library="SeleniumLibrary">
<doc>Creates an instance of Selenium WebDriver.</doc>
<arguments>
<arg>Chrome</arg>
<arg>chrome_options=${chrome_options}</arg>
</arguments>
<msg timestamp="20200723 21:53:16.670" level="INFO">Creating an instance of the Chrome WebDriver.</msg>
<kw name="Capture Page Screenshot" library="SeleniumLibrary">
<doc>Takes a screenshot of the current page and embeds it into a log file.</doc>
<msg timestamp="20200723 21:53:16.674" level="INFO">Cannot capture screenshot because no browser is open.</msg>
<status status="PASS" starttime="20200723 21:53:16.673" endtime="20200723 21:53:16.674"></status>
</kw>
<msg timestamp="20200723 21:53:16.675" level="FAIL">OSError: [Errno 8] Exec format error: 'chromedriver'</msg>
<status status="FAIL" starttime="20200723 21:53:16.670" endtime="20200723 21:53:16.675"></status>
</kw>
<status status="FAIL" starttime="20200723 21:53:16.666" endtime="20200723 21:53:16.675"></status>
</kw>
<kw name="End Web Test" library="CommonWeb" type="teardown">
<kw name="Close All Browsers" library="SeleniumLibrary">
<doc>Closes all open browsers and resets the browser cache.</doc>
<status status="PASS" starttime="20200723 21:53:16.681" endtime="20200723 21:53:16.681"></status>
</kw>
<status status="PASS" starttime="20200723 21:53:16.676" endtime="20200723 21:53:16.682"></status>
</kw>
<doc>This is test 2</doc>
<tags>
<tag>test2</tag>
</tags>
<status status="FAIL" starttime="20200723 21:53:16.664" endtime="20200723 21:53:16.682" critical="yes">Setup failed:
OSError: [Errno 8] Exec format error: 'chromedriver'</status>
</test>
<doc>Talk about what this suite of tests does</doc>
<status status="FAIL" starttime="20200723 21:53:15.951" endtime="20200723 21:53:16.683"></status>
</suite>
<statistics>
<total>
<stat pass="0" fail="2">Critical Tests</stat>
<stat pass="0" fail="2">All Tests</stat>
</total>
<tag>
<stat pass="0" fail="1">test1</stat>
<stat pass="0" fail="1">test2</stat>
</tag>
<suite>
<stat pass="0" fail="2" id="s1" name="Front Office">Front Office</stat>
</suite>
</statistics>
<errors>
</errors>
</robot>
