<?xml version="1.0" encoding="UTF-8"?>
<robot generator="Robot 3.2.1 (Python 3.6.0 on win32)" generated="20200723 15:34:33.692" rpa="false">
<suite id="s1" name="Front Office" source="C:\development\robot-scripts\front-office\Tests\Front_Office.robot">
<test id="s1-t1" name="Should be able to access &quot;Team&quot; Page">
<kw name="Begin Web Test" library="CommonWeb" type="setup">
<kw name="Evaluate" library="BuiltIn">
<doc>Evaluates the given expression in Python and returns the result.</doc>
<arguments>
<arg>sys.modules['selenium.webdriver'].ChromeOptions()</arg>
<arg>sys, selenium.webdriver</arg>
</arguments>
<assign>
<var>${chrome_options}</var>
</assign>
<msg timestamp="20200723 15:34:34.091" level="INFO">${chrome_options} = &lt;selenium.webdriver.chrome.options.Options object at 0x0000020C2665B400&gt;</msg>
<status status="PASS" starttime="20200723 15:34:34.091" endtime="20200723 15:34:34.091"></status>
</kw>
<kw name="Call Method" library="BuiltIn">
<doc>Calls the named method of the given object with the provided arguments.</doc>
<arguments>
<arg>${chrome_options}</arg>
<arg>add_argument</arg>
<arg>--disable-extensions</arg>
</arguments>
<status status="PASS" starttime="20200723 15:34:34.091" endtime="20200723 15:34:34.092"></status>
</kw>
<kw name="Call Method" library="BuiltIn">
<doc>Calls the named method of the given object with the provided arguments.</doc>
<arguments>
<arg>${chrome_options}</arg>
<arg>add_argument</arg>
<arg>--headless</arg>
</arguments>
<status status="PASS" starttime="20200723 15:34:34.092" endtime="20200723 15:34:34.092"></status>
</kw>
<kw name="Call Method" library="BuiltIn">
<doc>Calls the named method of the given object with the provided arguments.</doc>
<arguments>
<arg>${chrome_options}</arg>
<arg>add_argument</arg>
<arg>--disable-gpu</arg>
</arguments>
<status status="PASS" starttime="20200723 15:34:34.092" endtime="20200723 15:34:34.092"></status>
</kw>
<kw name="Call Method" library="BuiltIn">
<doc>Calls the named method of the given object with the provided arguments.</doc>
<arguments>
<arg>${chrome_options}</arg>
<arg>add_argument</arg>
<arg>--no-sandbox</arg>
</arguments>
<status status="PASS" starttime="20200723 15:34:34.093" endtime="20200723 15:34:34.093"></status>
</kw>
<kw name="Create Webdriver" library="SeleniumLibrary">
<doc>Creates an instance of Selenium WebDriver.</doc>
<arguments>
<arg>Chrome</arg>
<arg>chrome_options=${chrome_options}</arg>
</arguments>
<msg timestamp="20200723 15:34:34.093" level="INFO">Creating an instance of the Chrome WebDriver.</msg>
<status status="PASS" starttime="20200723 15:34:34.093" endtime="20200723 15:34:36.544"></status>
</kw>
<kw name="Set Window Size" library="SeleniumLibrary">
<doc>Sets current windows size to given ``width`` and ``height``.</doc>
<arguments>
<arg>1024</arg>
<arg>768</arg>
</arguments>
<status status="PASS" starttime="20200723 15:34:36.545" endtime="20200723 15:34:37.672"></status>
</kw>
<kw name="Go To" library="SeleniumLibrary">
<doc>Navigates the current browser window to the provided ``url``.</doc>
<arguments>
<arg>${URL}</arg>
</arguments>
<msg timestamp="20200723 15:34:37.673" level="INFO">Opening url 'http://www.robotframeworktutorial.com/front-office'</msg>
<status status="PASS" starttime="20200723 15:34:37.672" endtime="20200723 15:34:39.727"></status>
</kw>
<status status="PASS" starttime="20200723 15:34:34.090" endtime="20200723 15:34:39.727"></status>
</kw>
<kw name="Go to Landing Page" library="FrontOfficeApp">
<kw name="Navigate To" library="Landing">
<kw name="Go To" library="SeleniumLibrary">
<doc>Navigates the current browser window to the provided ``url``.</doc>
<arguments>
<arg>${URL}</arg>
</arguments>
<msg timestamp="20200723 15:34:39.729" level="INFO">Opening url 'http://www.robotframeworktutorial.com/front-office'</msg>
<status status="PASS" starttime="20200723 15:34:39.729" endtime="20200723 15:34:39.863"></status>
</kw>
<status status="PASS" starttime="20200723 15:34:39.728" endtime="20200723 15:34:39.863"></status>
</kw>
<kw name="Verify Page Loaded" library="Landing">
<kw name="Wait Until Page Contains Element" library="SeleniumLibrary">
<doc>Waits until the element ``locator`` appears on the current page.</doc>
<arguments>
<arg>${LANDING_NAVIGATION_ELEMENT}</arg>
</arguments>
<status status="PASS" starttime="20200723 15:34:39.864" endtime="20200723 15:34:39.884"></status>
</kw>
<status status="PASS" starttime="20200723 15:34:39.863" endtime="20200723 15:34:39.884"></status>
</kw>
<status status="PASS" starttime="20200723 15:34:39.728" endtime="20200723 15:34:39.884"></status>
</kw>
<kw name="Go to &quot;Team&quot; Page" library="FrontOfficeApp">
<kw name="Select &quot;Team&quot; Page" library="TopNav">
<kw name="Click Element" library="SeleniumLibrary">
<doc>Click the element identified by ``locator``.</doc>
<arguments>
<arg>${TOP_NAV_TEAM_LINK}</arg>
</arguments>
<msg timestamp="20200723 15:34:39.887" level="INFO">Clicking element 'css=#bs-example-navbar-collapse-1 &gt; ul &gt; li:nth-child(5) &gt; a'.</msg>
<status status="PASS" starttime="20200723 15:34:39.886" endtime="20200723 15:34:39.968"></status>
</kw>
<kw name="Sleep" library="BuiltIn">
<doc>Pauses the test executed for the given time.</doc>
<arguments>
<arg>3s</arg>
</arguments>
<msg timestamp="20200723 15:34:42.969" level="INFO">Slept 3 seconds</msg>
<status status="PASS" starttime="20200723 15:34:39.968" endtime="20200723 15:34:42.970"></status>
</kw>
<status status="PASS" starttime="20200723 15:34:39.886" endtime="20200723 15:34:42.971"></status>
</kw>
<kw name="Verify Page Loaded" library="Team">
<kw name="Wait Until Page Contains Element" library="SeleniumLibrary">
<doc>Waits until the element ``locator`` appears on the current page.</doc>
<arguments>
<arg>${TEAM_HEADER_LABEL}</arg>
</arguments>
<status status="PASS" starttime="20200723 15:34:42.974" endtime="20200723 15:34:42.993"></status>
</kw>
<status status="PASS" starttime="20200723 15:34:42.972" endtime="20200723 15:34:42.994"></status>
</kw>
<status status="PASS" starttime="20200723 15:34:39.885" endtime="20200723 15:34:42.994"></status>
</kw>
<kw name="End Web Test" library="CommonWeb" type="teardown">
<kw name="Close All Browsers" library="SeleniumLibrary">
<doc>Closes all open browsers and resets the browser cache.</doc>
<status status="PASS" starttime="20200723 15:34:42.996" endtime="20200723 15:34:45.151"></status>
</kw>
<status status="PASS" starttime="20200723 15:34:42.995" endtime="20200723 15:34:45.152"></status>
</kw>
<doc>This is test 1</doc>
<tags>
<tag>test1</tag>
</tags>
<status status="PASS" starttime="20200723 15:34:34.088" endtime="20200723 15:34:45.154" critical="yes"></status>
</test>
<test id="s1-t2" name="&quot;Team&quot; Page should match requirements">
<kw name="Begin Web Test" library="CommonWeb" type="setup">
<kw name="Evaluate" library="BuiltIn">
<doc>Evaluates the given expression in Python and returns the result.</doc>
<arguments>
<arg>sys.modules['selenium.webdriver'].ChromeOptions()</arg>
<arg>sys, selenium.webdriver</arg>
</arguments>
<assign>
<var>${chrome_options}</var>
</assign>
<msg timestamp="20200723 15:34:45.172" level="INFO">${chrome_options} = &lt;selenium.webdriver.chrome.options.Options object at 0x0000020C266B7160&gt;</msg>
<status status="PASS" starttime="20200723 15:34:45.171" endtime="20200723 15:34:45.172"></status>
</kw>
<kw name="Call Method" library="BuiltIn">
<doc>Calls the named method of the given object with the provided arguments.</doc>
<arguments>
<arg>${chrome_options}</arg>
<arg>add_argument</arg>
<arg>--disable-extensions</arg>
</arguments>
<status status="PASS" starttime="20200723 15:34:45.173" endtime="20200723 15:34:45.174"></status>
</kw>
<kw name="Call Method" library="BuiltIn">
<doc>Calls the named method of the given object with the provided arguments.</doc>
<arguments>
<arg>${chrome_options}</arg>
<arg>add_argument</arg>
<arg>--headless</arg>
</arguments>
<status status="PASS" starttime="20200723 15:34:45.175" endtime="20200723 15:34:45.176"></status>
</kw>
<kw name="Call Method" library="BuiltIn">
<doc>Calls the named method of the given object with the provided arguments.</doc>
<arguments>
<arg>${chrome_options}</arg>
<arg>add_argument</arg>
<arg>--disable-gpu</arg>
</arguments>
<status status="PASS" starttime="20200723 15:34:45.177" endtime="20200723 15:34:45.178"></status>
</kw>
<kw name="Call Method" library="BuiltIn">
<doc>Calls the named method of the given object with the provided arguments.</doc>
<arguments>
<arg>${chrome_options}</arg>
<arg>add_argument</arg>
<arg>--no-sandbox</arg>
</arguments>
<status status="PASS" starttime="20200723 15:34:45.178" endtime="20200723 15:34:45.179"></status>
</kw>
<kw name="Create Webdriver" library="SeleniumLibrary">
<doc>Creates an instance of Selenium WebDriver.</doc>
<arguments>
<arg>Chrome</arg>
<arg>chrome_options=${chrome_options}</arg>
</arguments>
<msg timestamp="20200723 15:34:45.181" level="INFO">Creating an instance of the Chrome WebDriver.</msg>
<status status="PASS" starttime="20200723 15:34:45.180" endtime="20200723 15:34:47.604"></status>
</kw>
<kw name="Set Window Size" library="SeleniumLibrary">
<doc>Sets current windows size to given ``width`` and ``height``.</doc>
<arguments>
<arg>1024</arg>
<arg>768</arg>
</arguments>
<status status="PASS" starttime="20200723 15:34:47.605" endtime="20200723 15:34:48.732"></status>
</kw>
<kw name="Go To" library="SeleniumLibrary">
<doc>Navigates the current browser window to the provided ``url``.</doc>
<arguments>
<arg>${URL}</arg>
</arguments>
<msg timestamp="20200723 15:34:48.732" level="INFO">Opening url 'http://www.robotframeworktutorial.com/front-office'</msg>
<status status="PASS" starttime="20200723 15:34:48.732" endtime="20200723 15:34:50.956"></status>
</kw>
<status status="PASS" starttime="20200723 15:34:45.169" endtime="20200723 15:34:50.956"></status>
</kw>
<kw name="Go to Landing Page" library="FrontOfficeApp">
<kw name="Navigate To" library="Landing">
<kw name="Go To" library="SeleniumLibrary">
<doc>Navigates the current browser window to the provided ``url``.</doc>
<arguments>
<arg>${URL}</arg>
</arguments>
<msg timestamp="20200723 15:34:50.959" level="INFO">Opening url 'http://www.robotframeworktutorial.com/front-office'</msg>
<status status="PASS" starttime="20200723 15:34:50.958" endtime="20200723 15:34:51.089"></status>
</kw>
<status status="PASS" starttime="20200723 15:34:50.958" endtime="20200723 15:34:51.089"></status>
</kw>
<kw name="Verify Page Loaded" library="Landing">
<kw name="Wait Until Page Contains Element" library="SeleniumLibrary">
<doc>Waits until the element ``locator`` appears on the current page.</doc>
<arguments>
<arg>${LANDING_NAVIGATION_ELEMENT}</arg>
</arguments>
<status status="PASS" starttime="20200723 15:34:51.089" endtime="20200723 15:34:51.132"></status>
</kw>
<status status="PASS" starttime="20200723 15:34:51.089" endtime="20200723 15:34:51.133"></status>
</kw>
<status status="PASS" starttime="20200723 15:34:50.957" endtime="20200723 15:34:51.133"></status>
</kw>
<kw name="Go to &quot;Team&quot; Page" library="FrontOfficeApp">
<kw name="Select &quot;Team&quot; Page" library="TopNav">
<kw name="Click Element" library="SeleniumLibrary">
<doc>Click the element identified by ``locator``.</doc>
<arguments>
<arg>${TOP_NAV_TEAM_LINK}</arg>
</arguments>
<msg timestamp="20200723 15:34:51.136" level="INFO">Clicking element 'css=#bs-example-navbar-collapse-1 &gt; ul &gt; li:nth-child(5) &gt; a'.</msg>
<status status="PASS" starttime="20200723 15:34:51.136" endtime="20200723 15:34:51.249"></status>
</kw>
<kw name="Sleep" library="BuiltIn">
<doc>Pauses the test executed for the given time.</doc>
<arguments>
<arg>3s</arg>
</arguments>
<msg timestamp="20200723 15:34:54.252" level="INFO">Slept 3 seconds</msg>
<status status="PASS" starttime="20200723 15:34:51.250" endtime="20200723 15:34:54.252"></status>
</kw>
<status status="PASS" starttime="20200723 15:34:51.136" endtime="20200723 15:34:54.253"></status>
</kw>
<kw name="Verify Page Loaded" library="Team">
<kw name="Wait Until Page Contains Element" library="SeleniumLibrary">
<doc>Waits until the element ``locator`` appears on the current page.</doc>
<arguments>
<arg>${TEAM_HEADER_LABEL}</arg>
</arguments>
<status status="PASS" starttime="20200723 15:34:54.254" endtime="20200723 15:34:54.268"></status>
</kw>
<status status="PASS" starttime="20200723 15:34:54.253" endtime="20200723 15:34:54.268"></status>
</kw>
<status status="PASS" starttime="20200723 15:34:51.134" endtime="20200723 15:34:54.268"></status>
</kw>
<kw name="Validate &quot;Team&quot; Page" library="FrontOfficeApp">
<kw name="Validate Page Contents" library="Team">
<kw name="Get Text" library="SeleniumLibrary">
<doc>Returns the text value of the element identified by ``locator``.</doc>
<arguments>
<arg>${TEAM_HEADER_LABEL}</arg>
</arguments>
<assign>
<var>${ElementText}</var>
</assign>
<msg timestamp="20200723 15:34:54.293" level="INFO">${ElementText} = OUR AMAZING TEAM</msg>
<status status="PASS" starttime="20200723 15:34:54.270" endtime="20200723 15:34:54.293"></status>
</kw>
<kw name="Should Be Equal As Strings" library="BuiltIn">
<doc>Fails if objects are unequal after converting them to strings.</doc>
<arguments>
<arg>${ElementText}</arg>
<arg>Our Amazing Team</arg>
<arg>ignore_case=true</arg>
</arguments>
<status status="PASS" starttime="20200723 15:34:54.293" endtime="20200723 15:34:54.294"></status>
</kw>
<status status="PASS" starttime="20200723 15:34:54.269" endtime="20200723 15:34:54.294"></status>
</kw>
<status status="PASS" starttime="20200723 15:34:54.269" endtime="20200723 15:34:54.294"></status>
</kw>
<kw name="End Web Test" library="CommonWeb" type="teardown">
<kw name="Close All Browsers" library="SeleniumLibrary">
<doc>Closes all open browsers and resets the browser cache.</doc>
<status status="PASS" starttime="20200723 15:34:54.295" endtime="20200723 15:34:56.409"></status>
</kw>
<status status="PASS" starttime="20200723 15:34:54.295" endtime="20200723 15:34:56.410"></status>
</kw>
<doc>This is test 2</doc>
<tags>
<tag>test2</tag>
</tags>
<status status="PASS" starttime="20200723 15:34:45.165" endtime="20200723 15:34:56.411" critical="yes"></status>
</test>
<doc>Talk about what this suite of tests does</doc>
<status status="PASS" starttime="20200723 15:34:33.696" endtime="20200723 15:34:56.421"></status>
</suite>
<statistics>
<total>
<stat pass="2" fail="0">Critical Tests</stat>
<stat pass="2" fail="0">All Tests</stat>
</total>
<tag>
<stat pass="1" fail="0">test1</stat>
<stat pass="1" fail="0">test2</stat>
</tag>
<suite>
<stat pass="2" fail="0" id="s1" name="Front Office">Front Office</stat>
</suite>
</statistics>
<errors>
</errors>
</robot>
